Arguments: 
  /Users/guojian/.nvm/versions/node/v6.10.1/bin/node /usr/local/bin/yarn add babel-preset-stage-3

PATH: 
  /Users/guojian/.nvm/versions/node/v6.10.1/bin:/usr/local/bin:/usr/bin:/bin:/usr/sbin:/sbin:/opt/X11/bin:/Users/guojian/Library/Android/sdk/tools:/Users/guojian/Library/Android/sdk/platform-tools

Yarn version: 
  0.17.10

Node version: 
  6.10.1

Platform: 
  darwin x64

npm manifest: 
  {
    "name": "test-express",
    "version": "1.0.0",
    "description": "test",
    "main": "index.js",
    "scripts": {
      "dev": "nodemon --harmony ./app.js"
    },
    "author": "guojian",
    "license": "ISC",
    "dependencies": {
      "autoprefixer": "6.5.3",
      "babel-core": "6.18.2",
      "babel-loader": "6.2.8",
      "babel-plugin-transform-runtime": "6.15.0",
      "babel-polyfill": "6.16.0",
      "babel-preset-es2015": "6.18.0",
      "babel-preset-react": "6.16.0",
      "babel-preset-stage-2": "6.18.0",
      "babel-runtime": "6.18.0",
      "body-parser": "1.15.2",
      "config": "1.24.0",
      "connect-history-api-fallback": "1.3.0",
      "connect-mongo": "1.3.2",
      "css-loader": "0.26.1",
      "ejs": "2.5.2",
      "es6-promise": "4.0.5",
      "eventsource-polyfill": "0.9.6",
      "express": "4.14.0",
      "express-session": "1.14.2",
      "extract-text-webpack-plugin": "1.0.1",
      "formidable": "1.0.17",
      "jsx-loader": "0.13.2",
      "lodash": "4.17.2",
      "mongoose": "4.7.0",
      "node-sass": "3.13.0",
      "react": "15.4.1",
      "react-dom": "15.4.1",
      "react-redux": "4.4.6",
      "react-router": "3.0.0",
      "react-router-redux": "4.0.7",
      "redis": "2.6.3",
      "redux": "3.6.0",
      "sass-loader": "4.0.2",
      "vue": "2.1.4",
      "vue-loader": "10.0.2",
      "vue-style-loader": "1.0.0",
      "vue-template-compiler": "2.1.4",
      "webpack": "1.13.3",
      "webpack-dev-middleware": "1.8.4",
      "webpack-hot-middleware": "2.13.2",
      "bluebird": "^3.5.0"
    }
  }

yarn manifest: 
  No manifest

Lockfile: 
  No lockfile

Trace: 
  Error: ENOENT: no such file or directory, open '/Users/guojian/project/test-express/node_modules/are-we-there-yet/node_modules/isarray/.npmignore'
      at Error (native)
